[    4750ms] [ERROR] Error with Permissions-Policy header: Parse of permissions policy failed because of errors reported by structured header parser. @ :0
[   15212ms] [ERROR] Error with Permissions-Policy header: Parse of permissions policy failed because of errors reported by structured header parser. @ :0
[   19915ms] [ERROR] Connecting to 'https://www.googleadservices.com/pagead/set_partitioned_cookie?frm=0&apvc=1&ae=g&en=page_view&ref=www.google.com&url=https%3A%2F%2Fwww.axis.bank.in%2F&scrsrc=www.googletagmanager.com&lps=1&rnd=1945405846.1773829318&dt=Personal%20Banking%20%7C%20Internet%20Banking%20%7C%20Corporate%2C%20NRI%20Banking%20Services%20Online%20-%20Axis%20Bank&auid=419358807.1773829318&navt=r&npa=0&ep.ads_data_redaction=0&gtm=45He63g1v79491765za200zd79491765xea&gcd=13l3l3l3l1l1&dma=0&tag_exp=103116026~103200004~115616985~115938465~115938468~116024733~117484252~117884344&tft=1773829318065&tfd=4824&apve=1&apvf=f' violates the following Content Security Policy directive: "connect-src 'self' https://*.clarity.ms *.notifyvisitors.com https://emergencysavings.axisbank.com *.axisbank.com https://application.axisbank.co.in *.axisbank.co.in https://mboxedge31.tt.omtrdc.net https://s7ap1.scene7.com/ *.tt.omtrdc.net accounts.google.com https://stats.g.doubleclick.net/ wss://nb-s.lemnisk.co https://*.demdex.net https://www.googletagmanager.com https://platform.twitter.com https://connect.facebook.net https://bat.bing.com https://www.google-analytics.com https://assets.adobedtm.com https://cdn.linkedin.oribi.io/partner/2739201/domain/axisbank.com/token https://smart-search.senseforth.com wss://speech.senseforth.com/transcribe https://analytics.google.com/ https://insights-api.rebid.co/ https://*.yellow.ai https://*.yellowmessenger.com wss://*.yellow.ai *.crazyegg.com *.pyxis.privybyidfy.app *.google.com *.wzrkt.com *.clevertap.com *.clevertap-prod.com https://d2r1yp2w7bby2u.cloudfront.net/ *.amazonaws.com https://px.ads.linkedin.com *.axis.bank.in https://ad.doubleclick.net *.api.pyxis.privybyidfy.app". The action has been blocked. @ https://www.googletagmanager.com/gtm.js?id=GTM-TFJQKFG:263
[   19916ms] [ERROR] Fetch API cannot load https://www.googleadservices.com/pagead/set_partitioned_cookie?frm=0&apvc=1&ae=g&en=page_view&ref=www.google.com&url=https%3A%2F%2Fwww.axis.bank.in%2F&scrsrc=www.googletagmanager.com&lps=1&rnd=1945405846.1773829318&dt=Personal%20Banking%20%7C%20Internet%20Banking%20%7C%20Corporate%2C%20NRI%20Banking%20Services%20Online%20-%20Axis%20Bank&auid=419358807.1773829318&navt=r&npa=0&ep.ads_data_redaction=0&gtm=45He63g1v79491765za200zd79491765xea&gcd=13l3l3l3l1l1&dma=0&tag_exp=103116026~103200004~115616985~115938465~115938468~116024733~117484252~117884344&tft=1773829318065&tfd=4824&apve=1&apvf=f. Refused to connect because it violates the document's Content Security Policy. @ https://www.googletagmanager.com/gtm.js?id=GTM-TFJQKFG:263
[   19922ms] [ERROR] Loading the image 'https://www.googleadservices.com/pagead/set_partitioned_cookie?frm=0&apvc=1&ae=g&en=page_view&ref=www.google.com&url=https%3A%2F%2Fwww.axis.bank.in%2F&scrsrc=www.googletagmanager.com&lps=1&rnd=1945405846.1773829318&dt=Personal%20Banking%20%7C%20Internet%20Banking%20%7C%20Corporate%2C%20NRI%20Banking%20Services%20Online%20-%20Axis%20Bank&auid=419358807.1773829318&navt=r&npa=0&ep.ads_data_redaction=0&gtm=45He63g1v79491765za200zd79491765xea&gcd=13l3l3l3l1l1&dma=0&tag_exp=103116026~103200004~115616985~115938465~115938468~116024733~117484252~117884344&tft=1773829318065&tfd=4824&apve=1&apvf=f&img=1' violates the following Content Security Policy directive: "img-src 'self' https://c.bing.com https://cm.everesttech.net *.notifyvisitors.com https://emergencysavings.axisbank.com https://www.google.co.in www.google.com *.google.com https://www.google.com https://application.axisbank.co.in *.axisbank.co.in https://mboxedge31.tt.omtrdc.net https://s7ap1.scene7.com/ *.tt.omtrdc.net *.doubleclick.net *.axisbank.com *.gstatic.com *.googleapis.com *.google-analytics.com web.facebook.com www.facebook.com www.linkedin.com https://syndication.twitter.com https://static.licdn.com/scds/common/u/images/apps/connect/sprites/sprite_connect_v14.png pbs.twimg.com platform.twitter.com/css/ *.twimg.com data: blob: track.hubspot.com https://px.ads.linkedin.com/collect https://4714706.fls.doubleclick.net/ https://smart-search.senseforth.com https://img.youtube.com/ https://youtube.com/ https://*.yellow.ai https://*.yellowmessenger.com wss://*.yellow.ai *.crazyegg.com *.pyxis.privybyidfy.app *.wzrkt.com *.clevertap.com *.clevertap-prod.com https://d2r1yp2w7bby2u.cloudfront.net/ *.amazonaws.com https://px.ads.linkedin.com https://www.googletagmanager.com *.axis.bank.in https://secure.adnxs.com https://c.clarity.ms https://dpm.demdex.net *.api.pyxis.privybyidfy.app". The action has been blocked. @ https://www.axis.bank.in/:0
[   21054ms] [WARNING] AT: Failed actions [Object, Object] @ https://assets.adobedtm.com/99ed9185474c/48d3ca71b704/launch-ba5be6edbf5b.min.js:7
[   22088ms] [WARNING] The resource https://www.axis.bank.in/assets/css/Custom.css was preloaded using link preload in Early Hints but not used within a few seconds from the window's load event. @ https://www.axis.bank.in/:0
[   22088ms] [WARNING] The resource https://www.axis.bank.in/assets/images/menucurve.svg was preloaded using link preload in Early Hints but not used within a few seconds from the window's load event. @ https://www.axis.bank.in/:0
[   22088ms] [WARNING] The resource https://www.axis.bank.in/assets/font/Lato-Regular.woff was preloaded using link preload in Early Hints but not used within a few seconds from the window's load event. @ https://www.axis.bank.in/:0
[   35102ms] [WARNING] Failed to execute 'postMessage' on 'DOMWindow': The target origin provided ('https://www.youtube.com') does not match the recipient window's origin ('https://www.google.com'). @ https://www.youtube.com/s/player/21cd2156/www-widgetapi.vflset/www-widgetapi.js:209
[   35495ms] [WARNING] Failed to decode downloaded font: https://web-assets.cred.club/v2/_next/assets/fonts/Denton-Bold.woff2 @ https://cred.club/:0
[   35495ms] [WARNING] OTS parsing error: invalid sfntVersion: -2147396335 @ https://cred.club/:0
[   35495ms] [WARNING] Failed to decode downloaded font: https://web-assets.cred.club/v2/_next/assets/fonts/Denton-Bold.woff2 @ https://cred.club/:0
[   35495ms] [WARNING] OTS parsing error: invalid sfntVersion: -2147396335 @ https://cred.club/:0
[   35495ms] [WARNING] Failed to decode downloaded font: https://web-assets.cred.club/v2/_next/assets/fonts/Denton-Bold.woff2 @ https://cred.club/:0
[   35495ms] [WARNING] OTS parsing error: invalid sfntVersion: -2147396335 @ https://cred.club/:0
[   35495ms] [WARNING] Failed to decode downloaded font: https://web-assets.cred.club/v2/_next/assets/fonts/Denton-Bold.woff2 @ https://cred.club/:0
[   35495ms] [WARNING] OTS parsing error: invalid sfntVersion: -2147396335 @ https://cred.club/:0
[   35495ms] [WARNING] Failed to decode downloaded font: https://web-assets.cred.club/v2/_next/assets/fonts/Denton-Bold.woff2 @ https://cred.club/:0
[   35495ms] [WARNING] OTS parsing error: invalid sfntVersion: -2147396335 @ https://cred.club/:0
[   35495ms] [WARNING] Failed to decode downloaded font: https://web-assets.cred.club/v2/_next/assets/fonts/Denton-Bold.woff2 @ https://cred.club/:0
[   35495ms] [WARNING] OTS parsing error: invalid sfntVersion: -2147396335 @ https://cred.club/:0
[   35495ms] [WARNING] Failed to decode downloaded font: https://web-assets.cred.club/v2/_next/assets/fonts/Denton-Light.woff2 @ https://cred.club/:0
[   35495ms] [WARNING] OTS parsing error: invalid sfntVersion: -2147393519 @ https://cred.club/:0
[   35495ms] [WARNING] Failed to decode downloaded font: https://web-assets.cred.club/v2/_next/assets/fonts/Denton-Light.woff2 @ https://cred.club/:0
[   35495ms] [WARNING] OTS parsing error: invalid sfntVersion: -2147393519 @ https://cred.club/:0
[   35495ms] [WARNING] Failed to decode downloaded font: https://web-assets.cred.club/v2/_next/assets/fonts/Denton-Light.woff2 @ https://cred.club/:0
[   35495ms] [WARNING] OTS parsing error: invalid sfntVersion: -2147393519 @ https://cred.club/:0
[   35495ms] [WARNING] Failed to decode downloaded font: https://web-assets.cred.club/v2/_next/assets/fonts/Denton-Light.woff2 @ https://cred.club/:0
[   35495ms] [WARNING] OTS parsing error: invalid sfntVersion: -2147393519 @ https://cred.club/:0
[   35495ms] [WARNING] Failed to decode downloaded font: https://web-assets.cred.club/v2/_next/assets/fonts/Denton-Light.woff2 @ https://cred.club/:0
[   35495ms] [WARNING] OTS parsing error: invalid sfntVersion: -2147393519 @ https://cred.club/:0
[   35495ms] [WARNING] Failed to decode downloaded font: https://web-assets.cred.club/v2/_next/assets/fonts/Denton-Light.woff2 @ https://cred.club/:0
[   35495ms] [WARNING] OTS parsing error: invalid sfntVersion: -2147393519 @ https://cred.club/:0
[   35498ms] [WARNING] Failed to decode downloaded font: https://web-assets.cred.club/v2/_next/assets/fonts/Denton-Light.woff2 @ https://web-assets.cred.club/v2/_next/static/chunks/990-61e76fc60e1781a9.js:0
[   35498ms] [WARNING] OTS parsing error: invalid sfntVersion: -2147393519 @ https://web-assets.cred.club/v2/_next/static/chunks/990-61e76fc60e1781a9.js:0
[   35498ms] [WARNING] Failed to decode downloaded font: https://web-assets.cred.club/v2/_next/assets/fonts/Denton-Bold.woff2 @ https://web-assets.cred.club/v2/_next/static/chunks/990-61e76fc60e1781a9.js:0
[   35498ms] [WARNING] OTS parsing error: invalid sfntVersion: -2147396335 @ https://web-assets.cred.club/v2/_next/static/chunks/990-61e76fc60e1781a9.js:0
[   35498ms] [WARNING] Failed to decode downloaded font: https://web-assets.cred.club/v2/_next/assets/fonts/Denton-Light.woff2 @ https://web-assets.cred.club/v2/_next/static/chunks/990-61e76fc60e1781a9.js:0
[   35498ms] [WARNING] OTS parsing error: invalid sfntVersion: -2147393519 @ https://web-assets.cred.club/v2/_next/static/chunks/990-61e76fc60e1781a9.js:0
[   35498ms] [WARNING] Failed to decode downloaded font: https://web-assets.cred.club/v2/_next/assets/fonts/Denton-Bold.woff2 @ https://web-assets.cred.club/v2/_next/static/chunks/990-61e76fc60e1781a9.js:0
[   35498ms] [WARNING] OTS parsing error: invalid sfntVersion: -2147396335 @ https://web-assets.cred.club/v2/_next/static/chunks/990-61e76fc60e1781a9.js:0
[   35626ms] [ERROR] Access to fetch at 'https://api-web.dpspl.co.in/analytics/v1/mp-events/track/' from origin 'https://cred.club' has been blocked by CORS policy: Response to preflight request doesn't pass access control check: The 'Access-Control-Allow-Origin' header has a value 'https://merchant-onboarding.dpspl.co.in' that is not equal to the supplied origin. Have the server send the header with a valid value. @ https://cred.club/:0
[   35626ms] [ERROR] Failed to load resource: net::ERR_FAILED @ https://api-web.dpspl.co.in/analytics/v1/mp-events/track/:0
[   35627ms] [ERROR] Mixpanel proxy tracking error: TypeError: Failed to fetch
    at https://web-assets.cred.club/v2/_next/static/chunks/3368-c0c9dfd718946eaa.js:1:45887
    at s (https://web-assets.cred.club/v2/_next/static/chunks/main-3a20d617953f92db.js:1:87131)
    at Generator._invoke (https://web-assets.cred.club/v2/_next/static/chunks/main-3a20d617953f92db.js:1:86919)
    at P.forEach.e.<computed> [as next] (https://web-assets.cred.club/v2/_next/static/chunks/main-3a20d617953f92db.js:1:87554)
    at r (https://web-assets.cred.club/v2/_next/static/chunks/pages/_app-67ce2b76ee969174.js:1:148474)
    at s (https://web-assets.cred.club/v2/_next/static/chunks/pages/_app-67ce2b76ee969174.js:1:148677)
    at https://web-assets.cred.club/v2/_next/static/chunks/pages/_app-67ce2b76ee969174.js:1:148736
    at new Promise (<anonymous>)
    at https://web-assets.cred.club/v2/_next/static/chunks/pages/_app-67ce2b76ee969174.js:1:148617
    at https://web-assets.cred.club/v2/_next/static/chunks/3368-c0c9dfd718946eaa.js:1:46215 @ https://web-assets.cred.club/v2/_next/static/chunks/3368-c0c9dfd718946eaa.js:0
[   44033ms] [WARNING] The resource https://web-images.credcdn.in/v2/_next/assets/images/landing/desktop/ccbp-fold-fallback.jpg?tr=q-95 was preloaded using link preload but not used within a few seconds from the window's load event. Please make sure it has an appropriate `as` value and it is preloaded intentionally. @ https://cred.club/:0
[   44033ms] [WARNING] The resource https://web-images.credcdn.in/v2/_next/assets/images/landing/desktop/rewards-desktop-fallback.jpg?tr=q-95 was preloaded using link preload but not used within a few seconds from the window's load event. Please make sure it has an appropriate `as` value and it is preloaded intentionally. @ https://cred.club/:0
[   44033ms] [WARNING] The resource https://web-images.credcdn.in/v2/_next/assets/images/landing/desktop/hero-desktop-fallback.jpg?tr=q-95 was preloaded using link preload but not used within a few seconds from the window's load event. Please make sure it has an appropriate `as` value and it is preloaded intentionally. @ https://cred.club/:0
[   44033ms] [WARNING] The resource https://web-images.credcdn.in/v2/_next/assets/images/landing/desktop/phone-ticker-desktop-fallback-final.jpg?tr=q-95 was preloaded using link preload but not used within a few seconds from the window's load event. Please make sure it has an appropriate `as` value and it is preloaded intentionally. @ https://cred.club/:0
[   49208ms] [WARNING] The resource https://web-images.credcdn.in/v2/_next/assets/images/landing/desktop/ccbp-fold-fallback.jpg?tr=q-95 was preloaded using link preload but not used within a few seconds from the window's load event. Please make sure it has an appropriate `as` value and it is preloaded intentionally. @ https://cred.club/:0
[   49208ms] [WARNING] The resource https://web-images.credcdn.in/v2/_next/assets/images/landing/desktop/rewards-desktop-fallback.jpg?tr=q-95 was preloaded using link preload but not used within a few seconds from the window's load event. Please make sure it has an appropriate `as` value and it is preloaded intentionally. @ https://cred.club/:0
[   49208ms] [WARNING] The resource https://web-images.credcdn.in/v2/_next/assets/images/landing/desktop/hero-desktop-fallback.jpg?tr=q-95 was preloaded using link preload but not used within a few seconds from the window's load event. Please make sure it has an appropriate `as` value and it is preloaded intentionally. @ https://cred.club/:0
[   49208ms] [WARNING] The resource https://web-images.credcdn.in/v2/_next/assets/images/landing/desktop/phone-ticker-desktop-fallback-final.jpg?tr=q-95 was preloaded using link preload but not used within a few seconds from the window's load event. Please make sure it has an appropriate `as` value and it is preloaded intentionally. @ https://cred.club/:0
[   54431ms] [WARNING] The resource https://web-images.credcdn.in/v2/_next/assets/images/landing/desktop/ccbp-fold-fallback.jpg?tr=q-95 was preloaded using link preload but not used within a few seconds from the window's load event. Please make sure it has an appropriate `as` value and it is preloaded intentionally. @ https://cred.club/:0
[   54431ms] [WARNING] The resource https://web-images.credcdn.in/v2/_next/assets/images/landing/desktop/rewards-desktop-fallback.jpg?tr=q-95 was preloaded using link preload but not used within a few seconds from the window's load event. Please make sure it has an appropriate `as` value and it is preloaded intentionally. @ https://cred.club/:0
[   54431ms] [WARNING] The resource https://web-images.credcdn.in/v2/_next/assets/images/landing/desktop/hero-desktop-fallback.jpg?tr=q-95 was preloaded using link preload but not used within a few seconds from the window's load event. Please make sure it has an appropriate `as` value and it is preloaded intentionally. @ https://cred.club/:0
[   54431ms] [WARNING] The resource https://web-images.credcdn.in/v2/_next/assets/images/landing/desktop/phone-ticker-desktop-fallback-final.jpg?tr=q-95 was preloaded using link preload but not used within a few seconds from the window's load event. Please make sure it has an appropriate `as` value and it is preloaded intentionally. @ https://cred.club/:0
[   59578ms] [WARNING] The resource https://web-images.credcdn.in/v2/_next/assets/images/landing/desktop/ccbp-fold-fallback.jpg?tr=q-95 was preloaded using link preload but not used within a few seconds from the window's load event. Please make sure it has an appropriate `as` value and it is preloaded intentionally. @ https://cred.club/:0
[   59578ms] [WARNING] The resource https://web-images.credcdn.in/v2/_next/assets/images/landing/desktop/rewards-desktop-fallback.jpg?tr=q-95 was preloaded using link preload but not used within a few seconds from the window's load event. Please make sure it has an appropriate `as` value and it is preloaded intentionally. @ https://cred.club/:0
[   59578ms] [WARNING] The resource https://web-images.credcdn.in/v2/_next/assets/images/landing/desktop/hero-desktop-fallback.jpg?tr=q-95 was preloaded using link preload but not used within a few seconds from the window's load event. Please make sure it has an appropriate `as` value and it is preloaded intentionally. @ https://cred.club/:0
[   59578ms] [WARNING] The resource https://web-images.credcdn.in/v2/_next/assets/images/landing/desktop/phone-ticker-desktop-fallback-final.jpg?tr=q-95 was preloaded using link preload but not used within a few seconds from the window's load event. Please make sure it has an appropriate `as` value and it is preloaded intentionally. @ https://cred.club/:0
[  123551ms] [WARNING] The ScriptProcessorNode is deprecated. Use AudioWorkletNode instead. (https://bit.ly/audio-worklet) @ https://www.apple.com/shop/shld/v1/verify.js:0
